<?xml version="1.0" encoding="UTF-8"?>
<!-- Generated by org.testng.reporters.JUnitXMLReporter -->
<testsuite hostname="KNOLSKAPE-L102" ignored="0" name="ChromeTest" tests="7" failures="1" timestamp="15 Sep 2019 08:17:12 GMT" time="37.35" errors="0">
  <testcase name="launchWebsite" time="2.225" classname="testcases.TC_SuccessfulPayment"/>
  <testcase name="buyProductAndVerifyIfShoppingCartDisplayed" time="2.187" classname="testcases.TC_SuccessfulPayment"/>
  <testcase name="enterShoppingCartDetails" time="4.933" classname="testcases.TC_SuccessfulPayment"/>
  <testcase name="verifyOrderSummaryToContinue" time="1.989" classname="testcases.TC_SuccessfulPayment"/>
  <testcase name="choosePaymentMethod" time="0.613" classname="testcases.TC_SuccessfulPayment"/>
  <testcase name="enterCreditCardDetails" time="5.616" classname="testcases.TC_SuccessfulPayment">
    <failure type="java.lang.AssertionError" message="Couldnt locate credit card text fields expected [null] but found [org.openqa.selenium.NoSuchElementException: Unable to locate element: //iframe[contains(@src,&amp;apos;https://api.sandbox.veritrans.co.id/v2/token/rba/&amp;apos;)]
For documentation on this error, please visit: http://seleniumhq.org/exceptions/no_such_element.html
Build info: version: &amp;apos;3.7.1&amp;apos;, revision: &amp;apos;8a0099a&amp;apos;, time: &amp;apos;2017-11-06T21:01:39.354Z&amp;apos;
System info: host: &amp;apos;KNOLSKAPE-L102&amp;apos;, ip: &amp;apos;127.0.1.1&amp;apos;, os.name: &amp;apos;Linux&amp;apos;, os.arch: &amp;apos;amd64&amp;apos;, os.version: &amp;apos;4.15.0-60-generic&amp;apos;, java.version: &amp;apos;1.8.0_161&amp;apos;
Driver info: org.openqa.selenium.firefox.FirefoxDriver
Capabilities {acceptInsecureCerts: true, browserName: firefox, browserVersion: 69.0, javascriptEnabled: true, moz:accessibilityChecks: false, moz:buildID: 20190828111117, moz:geckodriverVersion: 0.25.0, moz:headless: false, moz:processID: 15637, moz:profile: /tmp/rust_mozprofileMkEaCA, moz:shutdownTimeout: 60000, moz:useNonSpecCompliantPointerOrigin: false, moz:webdriverClick: true, pageLoadStrategy: normal, platform: LINUX, platformName: LINUX, platformVersion: 4.15.0-60-generic, rotatable: false, setWindowRect: true, strictFileInteractability: false, timeouts: {implicit: 0, pageLoad: 300000, script: 30000}, unhandledPromptBehavior: dismiss and notify}
Session ID: d82ea72d-707a-4722-83eb-64d1124153ba
*** Element info: {Using=xpath, value=//iframe[contains(@src,&amp;apos;https://api.sandbox.veritrans.co.id/v2/token/rba/&amp;apos;)]}]">
      <![CDATA[java.lang.AssertionError: Couldnt locate credit card text fields expected [null] but found [org.openqa.selenium.NoSuchElementException: Unable to locate element: //iframe[contains(@src,'https://api.sandbox.veritrans.co.id/v2/token/rba/')]
For documentation on this error, please visit: http://seleniumhq.org/exceptions/no_such_element.html
Build info: version: '3.7.1', revision: '8a0099a', time: '2017-11-06T21:01:39.354Z'
System info: host: 'KNOLSKAPE-L102', ip: '127.0.1.1', os.name: 'Linux', os.arch: 'amd64', os.version: '4.15.0-60-generic', java.version: '1.8.0_161'
Driver info: org.openqa.selenium.firefox.FirefoxDriver
Capabilities {acceptInsecureCerts: true, browserName: firefox, browserVersion: 69.0, javascriptEnabled: true, moz:accessibilityChecks: false, moz:buildID: 20190828111117, moz:geckodriverVersion: 0.25.0, moz:headless: false, moz:processID: 15637, moz:profile: /tmp/rust_mozprofileMkEaCA, moz:shutdownTimeout: 60000, moz:useNonSpecCompliantPointerOrigin: false, moz:webdriverClick: true, pageLoadStrategy: normal, platform: LINUX, platformName: LINUX, platformVersion: 4.15.0-60-generic, rotatable: false, setWindowRect: true, strictFileInteractability: false, timeouts: {implicit: 0, pageLoad: 300000, script: 30000}, unhandledPromptBehavior: dismiss and notify}
Session ID: d82ea72d-707a-4722-83eb-64d1124153ba
*** Element info: {Using=xpath, value=//iframe[contains(@src,'https://api.sandbox.veritrans.co.id/v2/token/rba/')]}]
at pages.PaymentMethod.enterCreditCardDetailsAndCompletePayment(PaymentMethod.java:92)
at testcases.TC_SuccessfulPayment.enterCreditCardDetails(TC_SuccessfulPayment.java:88)
at java.util.concurrent.FutureTask.run(FutureTask.java:266)
at java.util.concurrent.ThreadPoolExecutor.runWorker(ThreadPoolExecutor.java:1149)
at java.util.concurrent.ThreadPoolExecutor$Worker.run(ThreadPoolExecutor.java:624)
at java.lang.Thread.run(Thread.java:748)
... Removed 19 stack frames]]>
    </failure>
  </testcase> <!-- enterCreditCardDetails -->
  <testcase name="verifyPaymentSuccess" time="17.959" classname="testcases.TC_SuccessfulPayment"/>
</testsuite> <!-- ChromeTest -->
